Apr-15 16:16:46.516 [main] DEBUG nextflow.cli.Launcher - $> nextflow run main.nf --run_mode_analysis rmd -resume -w /home/chbope/extension/trash
Apr-15 16:16:46.626 [main] DEBUG nextflow.cli.CmdRun - N E X T F L O W  ~  version 24.10.1
Apr-15 16:16:46.648 [main] DEBUG nextflow.plugin.PluginsFacade - Setting up plugin manager > mode=prod; embedded=false; plugins-dir=/home/chbope/.nextflow/plugins; core-plugins: nf-amazon@2.9.1,nf-azure@1.10.2,nf-cloudcache@0.4.2,nf-codecommit@0.2.2,nf-console@1.1.4,nf-google@1.15.2,nf-tower@1.9.3,nf-wave@1.7.3
Apr-15 16:16:46.671 [main] INFO  o.pf4j.DefaultPluginStatusProvider - Enabled plugins: []
Apr-15 16:16:46.672 [main] INFO  o.pf4j.DefaultPluginStatusProvider - Disabled plugins: []
Apr-15 16:16:46.675 [main] INFO  org.pf4j.DefaultPluginManager - PF4J version 3.12.0 in 'deployment' mode
Apr-15 16:16:46.688 [main] INFO  org.pf4j.AbstractPluginManager - No plugins
Apr-15 16:16:46.711 [main] DEBUG nextflow.config.ConfigBuilder - Found config local: /home/chbope/Documents/nanopore/clone/nextflow/nWGS_pipeline/nextflow.config
Apr-15 16:16:46.714 [main] DEBUG nextflow.config.ConfigBuilder - Parsing config file: /home/chbope/Documents/nanopore/clone/nextflow/nWGS_pipeline/nextflow.config
Apr-15 16:16:46.740 [main] DEBUG n.secret.LocalSecretsProvider - Secrets store: /home/chbope/.nextflow/secrets/store.json
Apr-15 16:16:46.744 [main] DEBUG nextflow.secret.SecretsLoader - Discovered secrets providers: [nextflow.secret.LocalSecretsProvider@111610e6] - activable => nextflow.secret.LocalSecretsProvider@111610e6
Apr-15 16:16:46.758 [main] DEBUG nextflow.config.ConfigBuilder - Applying config profile: `standard`
Apr-15 16:16:47.579 [main] DEBUG nextflow.cli.CmdRun - Applied DSL=2 from script declaration
Apr-15 16:16:47.596 [main] DEBUG nextflow.cli.CmdRun - Launching `main.nf` [peaceful_tesla] DSL2 - revision: 67b7256835
Apr-15 16:16:47.598 [main] DEBUG nextflow.plugin.PluginsFacade - Plugins default=[]
Apr-15 16:16:47.598 [main] DEBUG nextflow.plugin.PluginsFacade - Plugins resolved requirement=[]
Apr-15 16:16:47.655 [main] DEBUG nextflow.Session - Session UUID: e14ff79b-920f-42f6-ac20-610bdbeeab77
Apr-15 16:16:47.656 [main] DEBUG nextflow.Session - Run name: peaceful_tesla
Apr-15 16:16:47.656 [main] DEBUG nextflow.Session - Executor pool size: 12
Apr-15 16:16:47.665 [main] DEBUG nextflow.file.FilePorter - File porter settings maxRetries=3; maxTransfers=50; pollTimeout=null
Apr-15 16:16:47.671 [main] DEBUG nextflow.util.ThreadPoolBuilder - Creating thread pool 'FileTransfer' minSize=10; maxSize=36; workQueue=LinkedBlockingQueue[10000]; allowCoreThreadTimeout=false
Apr-15 16:16:47.699 [main] DEBUG nextflow.cli.CmdRun - 
  Version: 24.10.1 build 5930
  Created: 18-11-2024 12:21 UTC (13:21 CEST)
  System: Linux 5.4.0-212-generic
  Runtime: Groovy 4.0.23 on OpenJDK 64-Bit Server VM 11.0.26+4-post-Ubuntu-1ubuntu120.04
  Encoding: UTF-8 (UTF-8)
  Process: 2973956@chbope [127.0.1.1]
  CPUs: 12 - Mem: 78.2 GB (47.1 GB) - Swap: 6 GB (5.4 GB)
Apr-15 16:16:47.738 [main] DEBUG nextflow.Session - Work-dir: /home/chbope/extension/trash [ext2/ext3]
Apr-15 16:16:47.787 [main] DEBUG nextflow.executor.ExecutorFactory - Extension executors providers=[]
Apr-15 16:16:47.797 [main] DEBUG nextflow.Session - Observer factory: DefaultObserverFactory
Apr-15 16:16:47.825 [main] DEBUG nextflow.cache.CacheFactory - Using Nextflow cache factory: nextflow.cache.DefaultCacheFactory
Apr-15 16:16:47.836 [main] DEBUG nextflow.util.CustomThreadPool - Creating default thread pool > poolSize: 13; maxThreads: 1000
Apr-15 16:16:47.926 [main] DEBUG nextflow.Session - Session start
Apr-15 16:16:47.931 [main] DEBUG nextflow.Session - Using default localLib path: /home/chbope/Documents/nanopore/clone/nextflow/nWGS_pipeline/lib
Apr-15 16:16:47.933 [main] DEBUG nextflow.Session - Adding to the classpath library: /home/chbope/Documents/nanopore/clone/nextflow/nWGS_pipeline/lib
Apr-15 16:16:48.139 [main] DEBUG nextflow.script.ScriptRunner - > Launching execution
Apr-15 16:16:48.557 [main] INFO  nextflow.script.BaseScript - Sample_id T10-01 with Flow Cell ID: PBA69496
Apr-15 16:16:50.631 [main] INFO  nextflow.script.BaseScript - Analysis run mode: rmd
Apr-15 16:16:50.653 [main] INFO  nextflow.script.BaseScript - Sample thresholds: [T10-01:0.8]
Apr-15 16:16:50.736 [main] INFO  nextflow.script.BaseScript - Running CNV Analysis...
Apr-15 16:16:50.838 [main] DEBUG nextflow.script.ProcessConfig - Config settings `withName:ace_tmc` matches process analysis:ace_tmc
Apr-15 16:16:50.851 [main] DEBUG nextflow.executor.ExecutorFactory - << taskConfig executor: local
Apr-15 16:16:50.852 [main] DEBUG nextflow.executor.ExecutorFactory - >> processorType: 'local'
Apr-15 16:16:50.858 [main] DEBUG nextflow.executor.Executor - [warm up] executor > local
Apr-15 16:16:50.865 [main] DEBUG n.processor.LocalPollingMonitor - Creating local task monitor for executor 'local' > cpus=12; memory=78.2 GB; capacity=12; pollInterval=100ms; dumpInterval=5m
Apr-15 16:16:50.868 [main] DEBUG n.processor.TaskPollingMonitor - >>> barrier register (monitor: local)
Apr-15 16:16:50.995 [main] DEBUG nextflow.script.ProcessConfig - Config settings `withName:annotatecnv` matches process analysis:annotatecnv
Apr-15 16:16:51.001 [main] DEBUG nextflow.executor.ExecutorFactory - << taskConfig executor: local
Apr-15 16:16:51.001 [main] DEBUG nextflow.executor.ExecutorFactory - >> processorType: 'local'
Apr-15 16:16:51.010 [main] INFO  nextflow.script.BaseScript - Running RMD Report Generation...
Apr-15 16:16:51.024 [main] DEBUG nextflow.executor.ExecutorFactory - << taskConfig executor: local
Apr-15 16:16:51.024 [main] DEBUG nextflow.executor.ExecutorFactory - >> processorType: 'local'
Apr-15 16:16:51.037 [main] DEBUG nextflow.executor.ExecutorFactory - << taskConfig executor: local
Apr-15 16:16:51.037 [main] DEBUG nextflow.executor.ExecutorFactory - >> processorType: 'local'
Apr-15 16:16:51.046 [main] DEBUG nextflow.executor.ExecutorFactory - << taskConfig executor: local
Apr-15 16:16:51.047 [main] DEBUG nextflow.executor.ExecutorFactory - >> processorType: 'local'
Apr-15 16:16:51.058 [main] DEBUG nextflow.script.ProcessConfig - Config settings `withName:run_nn_classifier` matches process analysis:run_nn_classifier
Apr-15 16:16:51.060 [main] DEBUG nextflow.executor.ExecutorFactory - << taskConfig executor: local
Apr-15 16:16:51.060 [main] DEBUG nextflow.executor.ExecutorFactory - >> processorType: 'local'
Apr-15 16:16:51.070 [main] DEBUG nextflow.executor.ExecutorFactory - << taskConfig executor: local
Apr-15 16:16:51.070 [main] DEBUG nextflow.executor.ExecutorFactory - >> processorType: 'local'
Apr-15 16:16:51.080 [main] DEBUG nextflow.script.ProcessConfig - Config settings `withName:circosplot` matches process analysis:circosplot
Apr-15 16:16:51.082 [main] DEBUG nextflow.executor.ExecutorFactory - << taskConfig executor: local
Apr-15 16:16:51.083 [main] DEBUG nextflow.executor.ExecutorFactory - >> processorType: 'local'
Apr-15 16:16:51.093 [main] DEBUG nextflow.script.ProcessConfig - Config settings `withName:annotesv` matches process analysis:annotesv
Apr-15 16:16:51.095 [main] DEBUG nextflow.executor.ExecutorFactory - << taskConfig executor: local
Apr-15 16:16:51.095 [main] DEBUG nextflow.executor.ExecutorFactory - >> processorType: 'local'
Apr-15 16:16:51.168 [main] DEBUG nextflow.executor.ExecutorFactory - << taskConfig executor: local
Apr-15 16:16:51.168 [main] DEBUG nextflow.executor.ExecutorFactory - >> processorType: 'local'
Apr-15 16:16:51.190 [main] DEBUG nextflow.script.ProcessConfig - Config settings `withName:clair3` matches process analysis:clair3
Apr-15 16:16:51.193 [main] DEBUG nextflow.executor.ExecutorFactory - << taskConfig executor: local
Apr-15 16:16:51.193 [main] DEBUG nextflow.executor.ExecutorFactory - >> processorType: 'local'
Apr-15 16:16:51.225 [main] DEBUG nextflow.script.ProcessConfig - Config settings `withName:clairs_to` matches process analysis:clairs_to
Apr-15 16:16:51.230 [main] DEBUG nextflow.executor.ExecutorFactory - << taskConfig executor: local
Apr-15 16:16:51.230 [main] DEBUG nextflow.executor.ExecutorFactory - >> processorType: 'local'
Apr-15 16:16:51.249 [main] DEBUG nextflow.executor.ExecutorFactory - << taskConfig executor: local
Apr-15 16:16:51.249 [main] DEBUG nextflow.executor.ExecutorFactory - >> processorType: 'local'
Apr-15 16:16:51.260 [main] DEBUG nextflow.script.ProcessConfig - Config settings `withName:igv_tools` matches process analysis:igv_tools
Apr-15 16:16:51.261 [main] DEBUG nextflow.executor.ExecutorFactory - << taskConfig executor: local
Apr-15 16:16:51.261 [main] DEBUG nextflow.executor.ExecutorFactory - >> processorType: 'local'
Apr-15 16:16:51.269 [main] DEBUG nextflow.script.ProcessConfig - Config settings `withName:cramino_report` matches process analysis:cramino_report
Apr-15 16:16:51.270 [main] DEBUG nextflow.executor.ExecutorFactory - << taskConfig executor: local
Apr-15 16:16:51.271 [main] DEBUG nextflow.executor.ExecutorFactory - >> processorType: 'local'
Apr-15 16:16:51.278 [main] DEBUG nextflow.script.ProcessConfig - Config settings `withName:plot_genomic_regions` matches process analysis:plot_genomic_regions
Apr-15 16:16:51.280 [main] DEBUG nextflow.executor.ExecutorFactory - << taskConfig executor: local
Apr-15 16:16:51.280 [main] DEBUG nextflow.executor.ExecutorFactory - >> processorType: 'local'
Apr-15 16:16:51.337 [main] DEBUG nextflow.script.ProcessConfig - Config settings `withName:markdown_report` matches process analysis:markdown_report
Apr-15 16:16:51.338 [main] DEBUG nextflow.executor.ExecutorFactory - << taskConfig executor: local
Apr-15 16:16:51.338 [main] DEBUG nextflow.executor.ExecutorFactory - >> processorType: 'local'
Apr-15 16:16:51.342 [main] DEBUG nextflow.Session - Workflow process names [dsl2]: extract_epic, plot_genomic_regions, annotesv, mgmt_promoter, analysis:clairs_to, igv_tools, analysis:cramino_report, markdown_report, merge_bam_files, analysis:svannasv, run_nn_classifier, analysis:igv_tools, clairs_to, analysis:knotannotsv, analysis:nanodx, analysis:extract_epic, clair3, run_epi2me_cnv, run_epi2me_sv, markdown_report_old, extract_roi, analysis:mgmt_promoter, circosplot, ace_tmc, svannasv, analysis:ace_tmc, analysis:circosplot, sturgeon, knotannotsv, analysis:annotesv, analysis:run_nn_classifier, annotatecnv, analysis:merge_annotation, nanodx, cramino_report, analysis:plot_genomic_regions, analysis:annotatecnv, run_epi2me_modkit, merge_annotation, analysis:markdown_report, analysis:clair3
Apr-15 16:16:51.344 [main] DEBUG nextflow.Session - Igniting dataflow network (38)
Apr-15 16:16:51.351 [Actor Thread 11] INFO  nextflow.Nextflow - Creating AnnotSV input for sample: T10-01 (standalone mode)
Apr-15 16:16:51.351 [Actor Thread 12] INFO  nextflow.Nextflow - Creating Svanna input for sample: T10-01 (standalone mode)
Apr-15 16:16:51.364 [main] DEBUG nextflow.processor.TaskProcessor - Starting process > analysis:ace_tmc
Apr-15 16:16:51.364 [main] DEBUG nextflow.processor.TaskProcessor - Starting process > analysis:annotatecnv
Apr-15 16:16:51.364 [main] DEBUG nextflow.processor.TaskProcessor - Starting process > analysis:extract_epic
Apr-15 16:16:51.364 [main] DEBUG nextflow.processor.TaskProcessor - Starting process > analysis:mgmt_promoter
Apr-15 16:16:51.366 [main] DEBUG nextflow.processor.TaskProcessor - Starting process > analysis:nanodx
Apr-15 16:16:51.369 [PathVisitor-1] DEBUG nextflow.file.PathVisitor - files for syntax: glob; folder: /home/chbope/extension/testdata/single_bam_folder/merge_bam/; pattern: *.merge.bam; options: [:]
Apr-15 16:16:51.369 [main] DEBUG nextflow.processor.TaskProcessor - Starting process > analysis:run_nn_classifier
Apr-15 16:16:51.369 [Actor Thread 4] INFO  nextflow.script.BaseScript - Processing sample: T10-01 from configured folders
Apr-15 16:16:51.369 [main] DEBUG nextflow.processor.TaskProcessor - Starting process > analysis:svannasv
Apr-15 16:16:51.377 [main] DEBUG nextflow.processor.TaskProcessor - Starting process > analysis:circosplot
Apr-15 16:16:51.377 [main] DEBUG nextflow.processor.TaskProcessor - Starting process > analysis:annotesv
Apr-15 16:16:51.378 [main] DEBUG nextflow.processor.TaskProcessor - Starting process > analysis:knotannotsv
Apr-15 16:16:51.378 [main] DEBUG nextflow.processor.TaskProcessor - Starting process > analysis:clair3
Apr-15 16:16:51.379 [main] DEBUG nextflow.processor.TaskProcessor - Starting process > analysis:clairs_to
Apr-15 16:16:51.379 [main] DEBUG nextflow.processor.TaskProcessor - Starting process > analysis:merge_annotation
Apr-15 16:16:51.379 [main] DEBUG nextflow.processor.TaskProcessor - Starting process > analysis:igv_tools
Apr-15 16:16:51.379 [main] DEBUG nextflow.processor.TaskProcessor - Starting process > analysis:cramino_report
Apr-15 16:16:51.379 [main] DEBUG nextflow.processor.TaskProcessor - Starting process > analysis:plot_genomic_regions
Apr-15 16:16:51.380 [main] DEBUG nextflow.processor.TaskProcessor - Starting process > analysis:markdown_report
Apr-15 16:16:51.381 [main] DEBUG nextflow.script.ScriptRunner - Parsed script files:
  Script_5ff96b1b1f7896ee: /home/chbope/Documents/nanopore/clone/nextflow/nWGS_pipeline/main.nf
  Script_76400f774fec7868: /home/chbope/Documents/nanopore/clone/nextflow/nWGS_pipeline/./modules/mergebam.nf
  Script_b989497837407014: /home/chbope/Documents/nanopore/clone/nextflow/nWGS_pipeline/./modules/epi2me.nf
  Script_7c8bf07deb2e1a81: /home/chbope/Documents/nanopore/clone/nextflow/nWGS_pipeline/./modules/analysis.nf
Apr-15 16:16:51.382 [main] DEBUG nextflow.script.ScriptRunner - > Awaiting termination 
Apr-15 16:16:51.383 [main] DEBUG nextflow.Session - Session await
Apr-15 16:16:51.396 [Actor Thread 19] INFO  nextflow.script.BaseScript - Found BAM file for ACE: /home/chbope/extension/testdata/single_bam_folder/merge_bam/Dummy.merge.bam (sample: Dummy, directory: /home/chbope/extension/testdata/single_bam_folder/merge_bam)
Apr-15 16:16:51.398 [Actor Thread 19] INFO  nextflow.script.BaseScript - Found BAM file for ACE: /home/chbope/extension/testdata/single_bam_folder/merge_bam/T10-01.merge.bam (sample: T10-01, directory: /home/chbope/extension/testdata/single_bam_folder/merge_bam)
Apr-15 16:16:51.679 [Actor Thread 14] INFO  nextflow.processor.TaskProcessor - [0f/19f320] Cached process > analysis:annotesv (1)
Apr-15 16:16:51.679 [Actor Thread 16] INFO  nextflow.processor.TaskProcessor - [3b/416daf] Cached process > analysis:plot_genomic_regions (1)
Apr-15 16:16:51.679 [Actor Thread 4] INFO  nextflow.processor.TaskProcessor - [3b/883f36] Cached process > analysis:svannasv (1)
Apr-15 16:16:51.679 [Actor Thread 10] INFO  nextflow.processor.TaskProcessor - [5d/7defbf] Cached process > analysis:cramino_report (1)
Apr-15 16:16:51.679 [Actor Thread 1] INFO  nextflow.processor.TaskProcessor - [b7/423043] Cached process > analysis:igv_tools (1)
Apr-15 16:16:51.706 [Actor Thread 20] INFO  nextflow.processor.TaskProcessor - [70/4375dd] Cached process > analysis:extract_epic (T10-01)
Apr-15 16:16:51.720 [Actor Thread 25] INFO  nextflow.processor.TaskProcessor - [79/196ce7] Cached process > analysis:knotannotsv (1)
Apr-15 16:16:51.722 [Actor Thread 22] INFO  nextflow.processor.TaskProcessor - [37/41d343] Cached process > analysis:ace_tmc (2)
Apr-15 16:16:51.722 [Actor Thread 27] INFO  nextflow.processor.TaskProcessor - [16/aeea27] Cached process > analysis:mgmt_promoter (1)
Apr-15 16:16:51.724 [Actor Thread 2] INFO  nextflow.script.BaseScript - Threshold for T10-01: 1.0000
Apr-15 16:16:51.726 [Actor Thread 19] INFO  nextflow.processor.TaskProcessor - [0f/4a507d] Cached process > analysis:ace_tmc (1)
Apr-15 16:16:51.727 [Actor Thread 2] INFO  nextflow.script.BaseScript - Preparing annotatecnv input for T10-01 with tumor content 1.0000
Apr-15 16:16:51.727 [Actor Thread 28] INFO  nextflow.script.BaseScript - Threshold for Dummy: 1.0000
Apr-15 16:16:51.728 [Actor Thread 1] DEBUG nextflow.util.ThreadPoolBuilder - Creating thread pool 'PublishDir' minSize=10; maxSize=36; workQueue=LinkedBlockingQueue[10000]; allowCoreThreadTimeout=false
Apr-15 16:16:51.734 [Actor Thread 17] INFO  nextflow.processor.TaskProcessor - [37/7682c7] Cached process > analysis:circosplot (1)
Apr-15 16:16:51.746 [Actor Thread 11] INFO  nextflow.processor.TaskProcessor - [c9/6abcb3] Cached process > analysis:clairs_to (1)
Apr-15 16:16:51.746 [Actor Thread 13] INFO  nextflow.processor.TaskProcessor - [1c/a52fd9] Cached process > analysis:clair3 (1)
Apr-15 16:16:51.751 [Actor Thread 23] INFO  nextflow.processor.TaskProcessor - [16/7d065b] Cached process > analysis:nanodx (1)
Apr-15 16:16:51.761 [Actor Thread 28] INFO  nextflow.processor.TaskProcessor - [6e/dc0eea] Cached process > analysis:annotatecnv (1)
Apr-15 16:16:51.780 [Actor Thread 21] INFO  nextflow.processor.TaskProcessor - [05/e0b3ff] Cached process > analysis:merge_annotation (1)
Apr-15 16:16:51.882 [Task submitter] DEBUG n.executor.local.LocalTaskHandler - Launch cmd line: /bin/bash -ue .command.run
Apr-15 16:16:51.885 [Task submitter] INFO  nextflow.Session - [83/7ed0eb] Submitted process > analysis:run_nn_classifier (1)
Apr-15 16:17:28.186 [Task monitor] DEBUG n.processor.TaskPollingMonitor - Task completed > TaskHandler[id: 16; name: analysis:run_nn_classifier (1); status: COMPLETED; exit: 0; error: -; workDir: /home/chbope/extension/trash/83/7ed0ebab2baa553be5ddae49d51154]
Apr-15 16:17:28.187 [Task monitor] DEBUG nextflow.util.ThreadPoolBuilder - Creating thread pool 'TaskFinalizer' minSize=10; maxSize=36; workQueue=LinkedBlockingQueue[10000]; allowCoreThreadTimeout=false
Apr-15 16:17:28.246 [Task submitter] DEBUG n.executor.local.LocalTaskHandler - Launch cmd line: /bin/bash -ue .command.run
Apr-15 16:17:28.247 [Task submitter] INFO  nextflow.Session - [26/5474d1] Submitted process > analysis:markdown_report (1)
Apr-15 16:17:43.096 [Task monitor] DEBUG n.processor.TaskPollingMonitor - Task completed > TaskHandler[id: 18; name: analysis:markdown_report (1); status: COMPLETED; exit: 1; error: -; workDir: /home/chbope/extension/trash/26/5474d133a7462ee964b4ebb24bd681]
Apr-15 16:17:43.108 [TaskFinalizer-2] DEBUG nextflow.processor.TaskProcessor - Handling unexpected condition for
  task: name=analysis:markdown_report (1); work-dir=/home/chbope/extension/trash/26/5474d133a7462ee964b4ebb24bd681
  error [nextflow.exception.ProcessFailedException]: Process `analysis:markdown_report (1)` terminated with an error exit status (1)
Apr-15 16:17:43.135 [TaskFinalizer-2] ERROR nextflow.processor.TaskProcessor - Error executing process > 'analysis:markdown_report (1)'

Caused by:
  Process `analysis:markdown_report (1)` terminated with an error exit status (1)


Command executed:

  Rscript -e "rmarkdown::render('/home/chbope/Documents/nanopore/clone/nextflow/bin/nextflow_markdown_pipeline3.Rmd',output_file=commandArgs(trailingOnly=TRUE)[20])" "T10-01" "/home/chbope/extension/trash/5d/7defbf8b3c287e89bc42fd7f0d95ec/T10-01_cramino_statistics.txt" "/home/chbope/extension/trash/83/7ed0ebab2baa553be5ddae49d51154/T10-01_nanodx_classifier.tsv" "/home/chbope/extension/data/reference/nanoDx/static/Capper_et_al_dictionary.txt" "/home/chbope/extension/testdata/log_update.pdf" "/home/chbope/extension/trash/6e/dc0eeaeac3641f2e872dc3bb129754/T10-01_cnv_plot_full.pdf" "/home/chbope/extension/trash/6e/dc0eeaeac3641f2e872dc3bb129754/T10-01_tumor_copy_number.txt" "/home/chbope/extension/trash/6e/dc0eeaeac3641f2e872dc3bb129754/T10-01_annotatedcnv_filter_header.csv" "/home/chbope/extension/trash/6e/dc0eeaeac3641f2e872dc3bb129754/T10-01_cnv_chr9.pdf" "/home/chbope/extension/trash/6e/dc0eeaeac3641f2e872dc3bb129754/T10-01_cnv_chr7.pdf" "/home/chbope/extension/trash/16/aeea2748c57befa4c66c4b5b4283c0/T10-01_MGMT_results.csv" "/home/chbope/extension/trash/05/e0b3ff3ffe5610e9d1824052e0871b/T10-01_merge_annotation_filter_snvs_allcall.csv" "/home/chbope/extension/trash/0f/19f320e236048c4a8ca519244d2e00/T10-01_annotSV_fusion_extraction.csv"  "/home/chbope/extension/trash/b7/423043d5a911cd8100bd14e65b9550/T10-01_tertp_id1.html" "/home/chbope/extension/trash/3b/883f36cbbf7092a6638fce16a9d34d/T10-01_occ_svanna_annotation.html" "/home/chbope/extension/trash/79/196ce77fe84781576c2da05d487950/T10-01_annotated_variants.html" "/home/chbope/extension/trash/3b/416daf5767c2b2b75be1fe9a894e5c/T10-01_egfr_coverage.pdf" "/home/chbope/extension/trash/3b/416daf5767c2b2b75be1fe9a894e5c/T10-01_idh1_coverage.pdf" "/home/chbope/extension/trash/3b/416daf5767c2b2b75be1fe9a894e5c/T10-01_tertp_coverage.pdf" "${PWD}/T10-01_markdown_pipeline_report.pdf"

Command exit status:
  1

Command output:
  1/38                   
  2/38 [setup]           
  3/38                   
  4/38 [unnamed-chunk-1] 
  5/38                   
  6/38 [unnamed-chunk-2] 
  7/38                   
  8/38 [unnamed-chunk-3] 

Command error:
    7.         \-knitr:::call_block(x)
    8.           \-knitr:::block_exec(params)
    9.             \-knitr:::eng_r(options)
   10.               +-knitr:::in_input_dir(...)
   11.               | \-knitr:::in_dir(input_dir(), expr)
   12.               \-knitr (local) evaluate(...)
   13.                 \-evaluate::evaluate(...)
   14.                   +-base::withRestarts(...)
   15.                   | \-base (local) withRestartList(expr, restarts)
   16.                   |   +-base (local) withOneRestart(withRestartList(expr, restarts[-nr]), restarts[[nr]])
   17.                   |   | \-base (local) doWithOneRestart(return(expr), restart)
   18.                   |   \-base (local) withRestartList(expr, restarts[-nr])
   19.                   |     \-base (local) withOneRestart(expr, restarts[[1L]])
   20.                   |       \-base (local) doWithOneRestart(return(expr), restart)
   21.                   +-evaluate:::with_handlers(...)
   22.                   | +-base::eval(call)
   23.                   | | \-base::eval(call)
   24.                   | \-base::withCallingHandlers(...)
   25.                   \-watcher$print_value(ev$value, ev$visible, envir)
   26.                     +-base::withVisible(handle_value(handler, value, visible, envir))
   27.                     \-evaluate:::handle_value(handler, value, visible, envir)
   28.                       \-handler$value(value, visible)
   29.                         \-knitr (local) fun(x, options = options)
   30.                           +-base::withVisible(knit_print(x, ...))
   31.                           +-knitr::knit_print(x, ...)
   32.                           \-knitr:::knit_print.default(x, ...)
   33.                             \-knitr::normal_print(x)
   34.                               +-base::print(x)
   35.                               \-ggplot2:::print.ggplot(x)
   36.                                 +-ggplot2::ggplot_build(x)
   37.                                 \-ggplot2:::ggplot_build.ggplot(x)
   38.                                   \-layout$setup_panel_params()
   39.                                     \-ggplot2 (local) setup_panel_params(..., self = self)
   40.                                       \-base::Map(setup_panel_params, scales_x, scales_y)
   41.                                         \-base::mapply(FUN = f, ..., SIMPLIFY = FALSE)
   42.                                           \-ggplot2 (local) `<fn>`(dots[[1L]][[1L]], dots[[2L]][[1L]])
   43.                                             \-self$coord$setup_panel_params(scale_x, scale_y, params = self$coord_params)
   44.                                               \-ggplot2 (local) setup_panel_params(..., self = self)
   45.                                                 \-parent$setup_panel_params(scale_x, scale_y, params)
   46.                                                   \-ggplot2 (local) setup_panel_params(..., self = self)
   47.                                                     \-ggplot2:::view_scales_from_scale(scale_x, self$limits$x, self$expand)
   48.                                                       \-ggplot2:::expand_limits_scale(scale, expansion, limits, coord_limits = coord_limits)
   49.                                                         \-ggplot2:::expand_limits_discrete(...)
   50.                                                           \-ggplot2:::expand_limits_discrete_trans(...)
   51.                                                             \-ggplot2:::expand_limits_continuous_trans(...)
   52.                                                               \-base::ifelse(is.na(coord_limits), limits, coord_limits)
  
  Quitting from lines 115-133 [unnamed-chunk-3] (nextflow_markdown_pipeline3.Rmd)
  Execution halted
  INFO:    Cleaning up image...

Work dir:
  /home/chbope/extension/trash/26/5474d133a7462ee964b4ebb24bd681

Container:
  /home/chbope/extension/images/markdown_images_28feb2025_latest.sif

Tip: you can try to figure out what's wrong by changing to the process work dir and showing the script file named `.command.sh`
Apr-15 16:17:43.138 [main] DEBUG nextflow.Session - Session await > all processes finished
Apr-15 16:17:43.140 [TaskFinalizer-2] DEBUG nextflow.Session - Session aborted -- Cause: Process `analysis:markdown_report (1)` terminated with an error exit status (1)
Apr-15 16:17:43.169 [Task monitor] DEBUG n.processor.TaskPollingMonitor - <<< barrier arrives (monitor: local) - terminating tasks monitor poll loop
Apr-15 16:17:43.170 [main] DEBUG nextflow.Session - Session await > all barriers passed
Apr-15 16:17:43.181 [TaskFinalizer-2] DEBUG nextflow.Session - 
Thread[Actor Thread 11,5,main]
  java.base@11.0.26/jdk.internal.misc.Unsafe.park(Native Method)
  java.base@11.0.26/java.util.concurrent.locks.LockSupport.parkNanos(LockSupport.java:234)
  java.base@11.0.26/java.util.concurrent.SynchronousQueue$TransferStack.awaitFulfill(SynchronousQueue.java:462)
  java.base@11.0.26/java.util.concurrent.SynchronousQueue$TransferStack.transfer(SynchronousQueue.java:361)
  java.base@11.0.26/java.util.concurrent.SynchronousQueue.poll(SynchronousQueue.java:937)
  java.base@11.0.26/java.util.concurrent.ThreadPoolExecutor.getTask(ThreadPoolExecutor.java:1053)
  java.base@11.0.26/java.util.concurrent.ThreadPoolExecutor.runWorker(ThreadPoolExecutor.java:1114)
  java.base@11.0.26/java.util.concurrent.ThreadPoolExecutor$Worker.run(ThreadPoolExecutor.java:628)
  java.base@11.0.26/java.lang.Thread.run(Thread.java:829)

Thread[Finalizer,8,system]
  java.base@11.0.26/java.lang.Object.wait(Native Method)
  java.base@11.0.26/java.lang.ref.ReferenceQueue.remove(ReferenceQueue.java:155)
  java.base@11.0.26/java.lang.ref.ReferenceQueue.remove(ReferenceQueue.java:176)
  java.base@11.0.26/java.lang.ref.Finalizer$FinalizerThread.run(Finalizer.java:170)

Thread[Actor Thread 17,5,main]
  java.base@11.0.26/jdk.internal.misc.Unsafe.park(Native Method)
  java.base@11.0.26/java.util.concurrent.locks.LockSupport.parkNanos(LockSupport.java:234)
  java.base@11.0.26/java.util.concurrent.SynchronousQueue$TransferStack.awaitFulfill(SynchronousQueue.java:462)
  java.base@11.0.26/java.util.concurrent.SynchronousQueue$TransferStack.transfer(SynchronousQueue.java:361)
  java.base@11.0.26/java.util.concurrent.SynchronousQueue.poll(SynchronousQueue.java:937)
  java.base@11.0.26/java.util.concurrent.ThreadPoolExecutor.getTask(ThreadPoolExecutor.java:1053)
  java.base@11.0.26/java.util.concurrent.ThreadPoolExecutor.runWorker(ThreadPoolExecutor.java:1114)
  java.base@11.0.26/java.util.concurrent.ThreadPoolExecutor$Worker.run(ThreadPoolExecutor.java:628)
  java.base@11.0.26/java.lang.Thread.run(Thread.java:829)

Thread[Signal Dispatcher,9,system]

Thread[Actor Thread 3,5,main]
  java.base@11.0.26/jdk.internal.misc.Unsafe.park(Native Method)
  java.base@11.0.26/java.util.concurrent.locks.LockSupport.parkNanos(LockSupport.java:234)
  java.base@11.0.26/java.util.concurrent.SynchronousQueue$TransferStack.awaitFulfill(SynchronousQueue.java:462)
  java.base@11.0.26/java.util.concurrent.SynchronousQueue$TransferStack.transfer(SynchronousQueue.java:361)
  java.base@11.0.26/java.util.concurrent.SynchronousQueue.poll(SynchronousQueue.java:937)
  java.base@11.0.26/java.util.concurrent.ThreadPoolExecutor.getTask(ThreadPoolExecutor.java:1053)
  java.base@11.0.26/java.util.concurrent.ThreadPoolExecutor.runWorker(ThreadPoolExecutor.java:1114)
  java.base@11.0.26/java.util.concurrent.ThreadPoolExecutor$Worker.run(ThreadPoolExecutor.java:628)
  java.base@11.0.26/java.lang.Thread.run(Thread.java:829)

Thread[Actor Thread 22,5,main]
  java.base@11.0.26/jdk.internal.misc.Unsafe.park(Native Method)
  java.base@11.0.26/java.util.concurrent.locks.LockSupport.parkNanos(LockSupport.java:234)
  java.base@11.0.26/java.util.concurrent.SynchronousQueue$TransferStack.awaitFulfill(SynchronousQueue.java:462)
  java.base@11.0.26/java.util.concurrent.SynchronousQueue$TransferStack.transfer(SynchronousQueue.java:361)
  java.base@11.0.26/java.util.concurrent.SynchronousQueue.poll(SynchronousQueue.java:937)
  java.base@11.0.26/java.util.concurrent.ThreadPoolExecutor.getTask(ThreadPoolExecutor.java:1053)
  java.base@11.0.26/java.util.concurrent.ThreadPoolExecutor.runWorker(ThreadPoolExecutor.java:1114)
  java.base@11.0.26/java.util.concurrent.ThreadPoolExecutor$Worker.run(ThreadPoolExecutor.java:628)
  java.base@11.0.26/java.lang.Thread.run(Thread.java:829)

Thread[TaskFinalizer-2,5,main]
  java.base@11.0.26/java.lang.Thread.dumpThreads(Native Method)
  java.base@11.0.26/java.lang.Thread.getAllStackTraces(Thread.java:1653)
  app//nextflow.util.SysHelper.dumpThreads(SysHelper.groovy:188)
  app//nextflow.Session.abort(Session.groovy:800)
  app//nextflow.Session.fault(Session.groovy:766)
  app//nextflow.processor.TaskPollingMonitor.finalizeTask(TaskPollingMonitor.groovy:695)
  app//nextflow.processor.TaskPollingMonitor.safeFinalizeTask(TaskPollingMonitor.groovy:678)
  java.base@11.0.26/jdk.internal.reflect.NativeMethodAccessorImpl.invoke0(Native Method)
  java.base@11.0.26/jdk.internal.reflect.NativeMethodAccessorImpl.invoke(NativeMethodAccessorImpl.java:62)
  java.base@11.0.26/jdk.internal.reflect.DelegatingMethodAccessorImpl.invoke(DelegatingMethodAccessorImpl.java:43)
  java.base@11.0.26/java.lang.reflect.Method.invoke(Method.java:566)
  app//org.codehaus.groovy.reflection.CachedMethod.invoke(CachedMethod.java:343)
  app//groovy.lang.MetaMethod.doMethodInvoke(MetaMethod.java:328)
  app//groovy.lang.MetaClassImpl.doInvokeMethod(MetaClassImpl.java:1333)
  app//groovy.lang.MetaClassImpl.invokeMethod(MetaClassImpl.java:1088)
  app//groovy.lang.MetaClassImpl.invokeMethod(MetaClassImpl.java:1007)
  app//org.codehaus.groovy.runtime.InvokerHelper.invokePogoMethod(InvokerHelper.java:645)
  app//org.codehaus.groovy.runtime.InvokerHelper.invokeMethod(InvokerHelper.java:628)
  app//org.codehaus.groovy.runtime.InvokerHelper.invokeMethodSafe(InvokerHelper.java:82)
  app//nextflow.processor.TaskPollingMonitor$_checkTaskStatus_lambda8.doCall(TaskPollingMonitor.groovy:668)
  app//nextflow.processor.TaskPollingMonitor$$Lambda$467/0x00000008405a4040.run(Unknown Source)
  java.base@11.0.26/java.util.concurrent.Executors$RunnableAdapter.call(Executors.java:515)
  java.base@11.0.26/java.util.concurrent.FutureTask.run(FutureTask.java:264)
  java.base@11.0.26/java.util.concurrent.ThreadPoolExecutor.runWorker(ThreadPoolExecutor.java:1128)
  java.base@11.0.26/java.util.concurrent.ThreadPoolExecutor$Worker.run(ThreadPoolExecutor.java:628)
  java.base@11.0.26/java.lang.Thread.run(Thread.java:829)

Thread[Actor Thread 4,5,main]
  java.base@11.0.26/jdk.internal.misc.Unsafe.park(Native Method)
  java.base@11.0.26/java.util.concurrent.locks.LockSupport.parkNanos(LockSupport.java:234)
  java.base@11.0.26/java.util.concurrent.SynchronousQueue$TransferStack.awaitFulfill(SynchronousQueue.java:462)
  java.base@11.0.26/java.util.concurrent.SynchronousQueue$TransferStack.transfer(SynchronousQueue.java:361)
  java.base@11.0.26/java.util.concurrent.SynchronousQueue.poll(SynchronousQueue.java:937)
  java.base@11.0.26/java.util.concurrent.ThreadPoolExecutor.getTask(ThreadPoolExecutor.java:1053)
  java.base@11.0.26/java.util.concurrent.ThreadPoolExecutor.runWorker(ThreadPoolExecutor.java:1114)
  java.base@11.0.26/java.util.concurrent.ThreadPoolExecutor$Worker.run(ThreadPoolExecutor.java:628)
  java.base@11.0.26/java.lang.Thread.run(Thread.java:829)

Thread[process reaper,10,system]
  java.base@11.0.26/jdk.internal.misc.Unsafe.park(Native Method)
  java.base@11.0.26/java.util.concurrent.locks.LockSupport.parkNanos(LockSupport.java:234)
  java.base@11.0.26/java.util.concurrent.SynchronousQueue$TransferStack.awaitFulfill(SynchronousQueue.java:462)
  java.base@11.0.26/java.util.concurrent.SynchronousQueue$TransferStack.transfer(SynchronousQueue.java:361)
  java.base@11.0.26/java.util.concurrent.SynchronousQueue.poll(SynchronousQueue.java:937)
  java.base@11.0.26/java.util.concurrent.ThreadPoolExecutor.getTask(ThreadPoolExecutor.java:1053)
  java.base@11.0.26/java.util.concurrent.ThreadPoolExecutor.runWorker(ThreadPoolExecutor.java:1114)
  java.base@11.0.26/java.util.concurrent.ThreadPoolExecutor$Worker.run(ThreadPoolExecutor.java:628)
  java.base@11.0.26/java.lang.Thread.run(Thread.java:829)

Thread[Thread-1,5,main]
  java.base@11.0.26/jdk.internal.misc.Unsafe.park(Native Method)
  java.base@11.0.26/java.util.concurrent.locks.LockSupport.parkNanos(LockSupport.java:234)
  java.base@11.0.26/java.util.concurrent.locks.AbstractQueuedSynchronizer$ConditionObject.awaitNanos(AbstractQueuedSynchronizer.java:2123)
  java.base@11.0.26/java.util.concurrent.LinkedBlockingDeque.pollFirst(LinkedBlockingDeque.java:513)
  java.base@11.0.26/java.util.concurrent.LinkedBlockingDeque.poll(LinkedBlockingDeque.java:675)
  app//nextflow.util.SimpleAgent.run(SimpleAgent.groovy:89)
  java.base@11.0.26/jdk.internal.reflect.NativeMethodAccessorImpl.invoke0(Native Method)
  java.base@11.0.26/jdk.internal.reflect.NativeMethodAccessorImpl.invoke(NativeMethodAccessorImpl.java:62)
  java.base@11.0.26/jdk.internal.reflect.DelegatingMethodAccessorImpl.invoke(DelegatingMethodAccessorImpl.java:43)
  java.base@11.0.26/java.lang.reflect.Method.invoke(Method.java:566)
  app//org.codehaus.groovy.reflection.CachedMethod.invoke(CachedMethod.java:343)
  app//groovy.lang.MetaMethod.doMethodInvoke(MetaMethod.java:328)
  app//groovy.lang.MetaClassImpl.doInvokeMethod(MetaClassImpl.java:1333)
  app//groovy.lang.MetaClassImpl.invokeMethod(MetaClassImpl.java:1088)
  app//groovy.lang.MetaClassImpl.invokeMethodClosure(MetaClassImpl.java:1017)
  app//groovy.lang.MetaClassImpl.doInvokeMethod(MetaClassImpl.java:1207)
  app//groovy.lang.MetaClassImpl.invokeMethod(MetaClassImpl.java:1088)
  app//groovy.lang.MetaClassImpl.invokeMethod(MetaClassImpl.java:1007)
  app//groovy.lang.Closure.call(Closure.java:433)
  app//groovy.lang.Closure.call(Closure.java:412)
  app//groovy.lang.Closure.run(Closure.java:505)
  java.base@11.0.26/java.lang.Thread.run(Thread.java:829)

Thread[AnsiLogObserver,5,main]
  java.base@11.0.26/java.lang.Object.wait(Native Method)
  app//nextflow.trace.AnsiLogObserver.render0(AnsiLogObserver.groovy:185)
  java.base@11.0.26/jdk.internal.reflect.NativeMethodAccessorImpl.invoke0(Native Method)
  java.base@11.0.26/jdk.internal.reflect.NativeMethodAccessorImpl.invoke(NativeMethodAccessorImpl.java:62)
  java.base@11.0.26/jdk.internal.reflect.DelegatingMethodAccessorImpl.invoke(DelegatingMethodAccessorImpl.java:43)
  java.base@11.0.26/java.lang.reflect.Method.invoke(Method.java:566)
  app//org.codehaus.groovy.reflection.CachedMethod.invoke(CachedMethod.java:343)
  app//groovy.lang.MetaMethod.doMethodInvoke(MetaMethod.java:328)
  app//groovy.lang.MetaClassImpl.doInvokeMethod(MetaClassImpl.java:1333)
  app//groovy.lang.MetaClassImpl.invokeMethod(MetaClassImpl.java:1088)
  app//groovy.lang.MetaClassImpl.invokeMethodClosure(MetaClassImpl.java:1017)
  app//groovy.lang.MetaClassImpl.doInvokeMethod(MetaClassImpl.java:1207)
  app//groovy.lang.MetaClassImpl.invokeMethod(MetaClassImpl.java:1088)
  app//groovy.lang.MetaClassImpl.invokeMethod(MetaClassImpl.java:1007)
  app//groovy.lang.Closure.call(Closure.java:433)
  app//groovy.lang.Closure.call(Closure.java:412)
  app//groovy.lang.Closure.run(Closure.java:505)
  java.base@11.0.26/java.lang.Thread.run(Thread.java:829)

Thread[Actor Thread 15,5,main]
  java.base@11.0.26/jdk.internal.misc.Unsafe.park(Native Method)
  java.base@11.0.26/java.util.concurrent.locks.LockSupport.parkNanos(LockSupport.java:234)
  java.base@11.0.26/java.util.concurrent.SynchronousQueue$TransferStack.awaitFulfill(SynchronousQueue.java:462)
  java.base@11.0.26/java.util.concurrent.SynchronousQueue$TransferStack.transfer(SynchronousQueue.java:361)
  java.base@11.0.26/java.util.concurrent.SynchronousQueue.poll(SynchronousQueue.java:937)
  java.base@11.0.26/java.util.concurrent.ThreadPoolExecutor.getTask(ThreadPoolExecutor.java:1053)
  java.base@11.0.26/java.util.concurrent.ThreadPoolExecutor.runWorker(ThreadPoolExecutor.java:1114)
  java.base@11.0.26/java.util.concurrent.ThreadPoolExecutor$Worker.run(ThreadPoolExecutor.java:628)
  java.base@11.0.26/java.lang.Thread.run(Thread.java:829)

Thread[Actor Thread 18,5,main]
  java.base@11.0.26/jdk.internal.misc.Unsafe.park(Native Method)
  java.base@11.0.26/java.util.concurrent.locks.LockSupport.parkNanos(LockSupport.java:234)
  java.base@11.0.26/java.util.concurrent.SynchronousQueue$TransferStack.awaitFulfill(SynchronousQueue.java:462)
  java.base@11.0.26/java.util.concurrent.SynchronousQueue$TransferStack.transfer(SynchronousQueue.java:361)
  java.base@11.0.26/java.util.concurrent.SynchronousQueue.poll(SynchronousQueue.java:937)
  java.base@11.0.26/java.util.concurrent.ThreadPoolExecutor.getTask(ThreadPoolExecutor.java:1053)
  java.base@11.0.26/java.util.concurrent.ThreadPoolExecutor.runWorker(ThreadPoolExecutor.java:1114)
  java.base@11.0.26/java.util.concurrent.ThreadPoolExecutor$Worker.run(ThreadPoolExecutor.java:628)
  java.base@11.0.26/java.lang.Thread.run(Thread.java:829)

Thread[Actor Thread 21,5,main]
  java.base@11.0.26/jdk.internal.misc.Unsafe.park(Native Method)
  java.base@11.0.26/java.util.concurrent.locks.LockSupport.parkNanos(LockSupport.java:234)
  java.base@11.0.26/java.util.concurrent.SynchronousQueue$TransferStack.awaitFulfill(SynchronousQueue.java:462)
  java.base@11.0.26/java.util.concurrent.SynchronousQueue$TransferStack.transfer(SynchronousQueue.java:361)
  java.base@11.0.26/java.util.concurrent.SynchronousQueue.poll(SynchronousQueue.java:937)
  java.base@11.0.26/java.util.concurrent.ThreadPoolExecutor.getTask(ThreadPoolExecutor.java:1053)
  java.base@11.0.26/java.util.concurrent.ThreadPoolExecutor.runWorker(ThreadPoolExecutor.java:1114)
  java.base@11.0.26/java.util.concurrent.ThreadPoolExecutor$Worker.run(ThreadPoolExecutor.java:628)
  java.base@11.0.26/java.lang.Thread.run(Thread.java:829)

Thread[Actor Thread 2,5,main]
  java.base@11.0.26/jdk.internal.misc.Unsafe.park(Native Method)
  java.base@11.0.26/java.util.concurrent.locks.LockSupport.parkNanos(LockSupport.java:234)
  java.base@11.0.26/java.util.concurrent.SynchronousQueue$TransferStack.awaitFulfill(SynchronousQueue.java:462)
  java.base@11.0.26/java.util.concurrent.SynchronousQueue$TransferStack.transfer(SynchronousQueue.java:361)
  java.base@11.0.26/java.util.concurrent.SynchronousQueue.poll(SynchronousQueue.java:937)
  java.base@11.0.26/java.util.concurrent.ThreadPoolExecutor.getTask(ThreadPoolExecutor.java:1053)
  java.base@11.0.26/java.util.concurrent.ThreadPoolExecutor.runWorker(ThreadPoolExecutor.java:1114)
  java.base@11.0.26/java.util.concurrent.ThreadPoolExecutor$Worker.run(ThreadPoolExecutor.java:628)
  java.base@11.0.26/java.lang.Thread.run(Thread.java:829)

Thread[Actor Thread 27,5,main]
  java.base@11.0.26/jdk.internal.misc.Unsafe.park(Native Method)
  java.base@11.0.26/java.util.concurrent.locks.LockSupport.parkNanos(LockSupport.java:234)
  java.base@11.0.26/java.util.concurrent.SynchronousQueue$TransferStack.awaitFulfill(SynchronousQueue.java:462)
  java.base@11.0.26/java.util.concurrent.SynchronousQueue$TransferStack.transfer(SynchronousQueue.java:361)
  java.base@11.0.26/java.util.concurrent.SynchronousQueue.poll(SynchronousQueue.java:937)
  java.base@11.0.26/java.util.concurrent.ThreadPoolExecutor.getTask(ThreadPoolExecutor.java:1053)
  java.base@11.0.26/java.util.concurrent.ThreadPoolExecutor.runWorker(ThreadPoolExecutor.java:1114)
  java.base@11.0.26/java.util.concurrent.ThreadPoolExecutor$Worker.run(ThreadPoolExecutor.java:628)
  java.base@11.0.26/java.lang.Thread.run(Thread.java:829)

Thread[Actor Thread 7,5,main]
  java.base@11.0.26/jdk.internal.misc.Unsafe.park(Native Method)
  java.base@11.0.26/java.util.concurrent.locks.LockSupport.parkNanos(LockSupport.java:234)
  java.base@11.0.26/java.util.concurrent.SynchronousQueue$TransferStack.awaitFulfill(SynchronousQueue.java:462)
  java.base@11.0.26/java.util.concurrent.SynchronousQueue$TransferStack.transfer(SynchronousQueue.java:361)
  java.base@11.0.26/java.util.concurrent.SynchronousQueue.poll(SynchronousQueue.java:937)
  java.base@11.0.26/java.util.concurrent.ThreadPoolExecutor.getTask(ThreadPoolExecutor.java:1053)
  java.base@11.0.26/java.util.concurrent.ThreadPoolExecutor.runWorker(ThreadPoolExecutor.java:1114)
  java.base@11.0.26/java.util.concurrent.ThreadPoolExecutor$Worker.run(ThreadPoolExecutor.java:628)
  java.base@11.0.26/java.lang.Thread.run(Thread.java:829)

Thread[Actor Thread 8,5,main]
  java.base@11.0.26/jdk.internal.misc.Unsafe.park(Native Method)
  java.base@11.0.26/java.util.concurrent.locks.LockSupport.parkNanos(LockSupport.java:234)
  java.base@11.0.26/java.util.concurrent.SynchronousQueue$TransferStack.awaitFulfill(SynchronousQueue.java:462)
  java.base@11.0.26/java.util.concurrent.SynchronousQueue$TransferStack.transfer(SynchronousQueue.java:361)
  java.base@11.0.26/java.util.concurrent.SynchronousQueue.poll(SynchronousQueue.java:937)
  java.base@11.0.26/java.util.concurrent.ThreadPoolExecutor.getTask(ThreadPoolExecutor.java:1053)
  java.base@11.0.26/java.util.concurrent.ThreadPoolExecutor.runWorker(ThreadPoolExecutor.java:1114)
  java.base@11.0.26/java.util.concurrent.ThreadPoolExecutor$Worker.run(ThreadPoolExecutor.java:628)
  java.base@11.0.26/java.lang.Thread.run(Thread.java:829)

Thread[Task submitter,5,main]
  java.base@11.0.26/jdk.internal.misc.Unsafe.park(Native Method)
  java.base@11.0.26/java.util.concurrent.locks.LockSupport.park(LockSupport.java:194)
  java.base@11.0.26/java.util.concurrent.locks.AbstractQueuedSynchronizer$ConditionObject.await(AbstractQueuedSynchronizer.java:2081)
  app//nextflow.processor.TaskPollingMonitor.awaitTasks(TaskPollingMonitor.groovy:388)
  app//nextflow.processor.TaskPollingMonitor.submitLoop(TaskPollingMonitor.groovy:412)
  java.base@11.0.26/jdk.internal.reflect.NativeMethodAccessorImpl.invoke0(Native Method)
  java.base@11.0.26/jdk.internal.reflect.NativeMethodAccessorImpl.invoke(NativeMethodAccessorImpl.java:62)
  java.base@11.0.26/jdk.internal.reflect.DelegatingMethodAccessorImpl.invoke(DelegatingMethodAccessorImpl.java:43)
  java.base@11.0.26/java.lang.reflect.Method.invoke(Method.java:566)
  app//org.codehaus.groovy.reflection.CachedMethod.invoke(CachedMethod.java:343)
  app//groovy.lang.MetaMethod.doMethodInvoke(MetaMethod.java:328)
  app//groovy.lang.MetaClassImpl.doInvokeMethod(MetaClassImpl.java:1333)
  app//groovy.lang.MetaClassImpl.invokeMethod(MetaClassImpl.java:1088)
  app//groovy.lang.MetaClassImpl.invokeMethodClosure(MetaClassImpl.java:1017)
  app//groovy.lang.MetaClassImpl.doInvokeMethod(MetaClassImpl.java:1207)
  app//groovy.lang.MetaClassImpl.invokeMethod(MetaClassImpl.java:1088)
  app//groovy.lang.MetaClassImpl.invokeMethod(MetaClassImpl.java:1007)
  app//groovy.lang.Closure.call(Closure.java:433)
  app//groovy.lang.Closure.call(Closure.java:412)
  app//groovy.lang.Closure.run(Closure.java:505)
  java.base@11.0.26/java.lang.Thread.run(Thread.java:829)

Thread[Common-Cleaner,8,InnocuousThreadGroup]
  java.base@11.0.26/java.lang.Object.wait(Native Method)
  java.base@11.0.26/java.lang.ref.ReferenceQueue.remove(ReferenceQueue.java:155)
  java.base@11.0.26/jdk.internal.ref.CleanerImpl.run(CleanerImpl.java:148)
  java.base@11.0.26/java.lang.Thread.run(Thread.java:829)
  java.base@11.0.26/jdk.internal.misc.InnocuousThread.run(InnocuousThread.java:161)

Thread[Actor Thread 12,5,main]
  java.base@11.0.26/jdk.internal.misc.Unsafe.park(Native Method)
  java.base@11.0.26/java.util.concurrent.locks.LockSupport.parkNanos(LockSupport.java:234)
  java.base@11.0.26/java.util.concurrent.SynchronousQueue$TransferStack.awaitFulfill(SynchronousQueue.java:462)
  java.base@11.0.26/java.util.concurrent.SynchronousQueue$TransferStack.transfer(SynchronousQueue.java:361)
  java.base@11.0.26/java.util.concurrent.SynchronousQueue.poll(SynchronousQueue.java:937)
  java.base@11.0.26/java.util.concurrent.ThreadPoolExecutor.getTask(ThreadPoolExecutor.java:1053)
  java.base@11.0.26/java.util.concurrent.ThreadPoolExecutor.runWorker(ThreadPoolExecutor.java:1114)
  java.base@11.0.26/java.util.concurrent.ThreadPoolExecutor$Worker.run(ThreadPoolExecutor.java:628)
  java.base@11.0.26/java.lang.Thread.run(Thread.java:829)

Thread[Actor Thread 1,5,main]
  java.base@11.0.26/jdk.internal.misc.Unsafe.park(Native Method)
  java.base@11.0.26/java.util.concurrent.locks.LockSupport.parkNanos(LockSupport.java:234)
  java.base@11.0.26/java.util.concurrent.SynchronousQueue$TransferStack.awaitFulfill(SynchronousQueue.java:462)
  java.base@11.0.26/java.util.concurrent.SynchronousQueue$TransferStack.transfer(SynchronousQueue.java:361)
  java.base@11.0.26/java.util.concurrent.SynchronousQueue.poll(SynchronousQueue.java:937)
  java.base@11.0.26/java.util.concurrent.ThreadPoolExecutor.getTask(ThreadPoolExecutor.java:1053)
  java.base@11.0.26/java.util.concurrent.ThreadPoolExecutor.runWorker(ThreadPoolExecutor.java:1114)
  java.base@11.0.26/java.util.concurrent.ThreadPoolExecutor$Worker.run(ThreadPoolExecutor.java:628)
  java.base@11.0.26/java.lang.Thread.run(Thread.java:829)

Thread[Actor Thread 13,5,main]
  java.base@11.0.26/jdk.internal.misc.Unsafe.park(Native Method)
  java.base@11.0.26/java.util.concurrent.locks.LockSupport.parkNanos(LockSupport.java:234)
  java.base@11.0.26/java.util.concurrent.SynchronousQueue$TransferStack.awaitFulfill(SynchronousQueue.java:462)
  java.base@11.0.26/java.util.concurrent.SynchronousQueue$TransferStack.transfer(SynchronousQueue.java:361)
  java.base@11.0.26/java.util.concurrent.SynchronousQueue.poll(SynchronousQueue.java:937)
  java.base@11.0.26/java.util.concurrent.ThreadPoolExecutor.getTask(ThreadPoolExecutor.java:1053)
  java.base@11.0.26/java.util.concurrent.ThreadPoolExecutor.runWorker(ThreadPoolExecutor.java:1114)
  java.base@11.0.26/java.util.concurrent.ThreadPoolExecutor$Worker.run(ThreadPoolExecutor.java:628)
  java.base@11.0.26/java.lang.Thread.run(Thread.java:829)

Thread[Actor Thread 20,5,main]
  java.base@11.0.26/jdk.internal.misc.Unsafe.park(Native Method)
  java.base@11.0.26/java.util.concurrent.locks.LockSupport.parkNanos(LockSupport.java:234)
  java.base@11.0.26/java.util.concurrent.SynchronousQueue$TransferStack.awaitFulfill(SynchronousQueue.java:462)
  java.base@11.0.26/java.util.concurrent.SynchronousQueue$TransferStack.transfer(SynchronousQueue.java:361)
  java.base@11.0.26/java.util.concurrent.SynchronousQueue.poll(SynchronousQueue.java:937)
  java.base@11.0.26/java.util.concurrent.ThreadPoolExecutor.getTask(ThreadPoolExecutor.java:1053)
  java.base@11.0.26/java.util.concurrent.ThreadPoolExecutor.runWorker(ThreadPoolExecutor.java:1114)
  java.base@11.0.26/java.util.concurrent.ThreadPoolExecutor$Worker.run(ThreadPoolExecutor.java:628)
  java.base@11.0.26/java.lang.Thread.run(Thread.java:829)

Thread[Actor Thread 6,5,main]
  java.base@11.0.26/jdk.internal.misc.Unsafe.park(Native Method)
  java.base@11.0.26/java.util.concurrent.locks.LockSupport.parkNanos(LockSupport.java:234)
  java.base@11.0.26/java.util.concurrent.SynchronousQueue$TransferStack.awaitFulfill(SynchronousQueue.java:462)
  java.base@11.0.26/java.util.concurrent.SynchronousQueue$TransferStack.transfer(SynchronousQueue.java:361)
  java.base@11.0.26/java.util.concurrent.SynchronousQueue.poll(SynchronousQueue.java:937)
  java.base@11.0.26/java.util.concurrent.ThreadPoolExecutor.getTask(ThreadPoolExecutor.java:1053)
  java.base@11.0.26/java.util.concurrent.ThreadPoolExecutor.runWorker(ThreadPoolExecutor.java:1114)
  java.base@11.0.26/java.util.concurrent.ThreadPoolExecutor$Worker.run(ThreadPoolExecutor.java:628)
  java.base@11.0.26/java.lang.Thread.run(Thread.java:829)

Thread[main,5,main]
  java.base@11.0.26/java.util.concurrent.locks.AbstractQueuedSynchronizer$ConditionObject.signal(AbstractQueuedSynchronizer.java:1980)
  java.base@11.0.26/java.util.concurrent.LinkedBlockingDeque.linkLast(LinkedBlockingDeque.java:238)
  java.base@11.0.26/java.util.concurrent.LinkedBlockingDeque.offerLast(LinkedBlockingDeque.java:353)
  java.base@11.0.26/java.util.concurrent.LinkedBlockingDeque.offer(LinkedBlockingDeque.java:632)
  app//nextflow.util.SimpleAgent.getValue(SimpleAgent.groovy:82)
  app//nextflow.trace.WorkflowStatsObserver.getStats(WorkflowStatsObserver.groovy:94)
  app//nextflow.script.WorkflowMetadata.getWorkflowStats(WorkflowMetadata.groovy:512)
  app//nextflow.script.WorkflowMetadata.invokeOnComplete(WorkflowMetadata.groovy:422)
  java.base@11.0.26/jdk.internal.reflect.NativeMethodAccessorImpl.invoke0(Native Method)
  java.base@11.0.26/jdk.internal.reflect.NativeMethodAccessorImpl.invoke(NativeMethodAccessorImpl.java:62)
  java.base@11.0.26/jdk.internal.reflect.DelegatingMethodAccessorImpl.invoke(DelegatingMethodAccessorImpl.java:43)
  java.base@11.0.26/java.lang.reflect.Method.invoke(Method.java:566)
  app//org.codehaus.groovy.reflection.CachedMethod.invoke(CachedMethod.java:343)
  app//groovy.lang.MetaMethod.doMethodInvoke(MetaMethod.java:328)
  app//groovy.lang.MetaClassImpl.doInvokeMethod(MetaClassImpl.java:1333)
  app//groovy.lang.MetaClassImpl.invokeMethod(MetaClassImpl.java:1088)
  app//groovy.lang.MetaClassImpl.invokeMethod(MetaClassImpl.java:1007)
  app//org.codehaus.groovy.runtime.InvokerHelper.invokePogoMethod(InvokerHelper.java:645)
  app//org.codehaus.groovy.runtime.InvokerHelper.invokeMethod(InvokerHelper.java:628)
  app//org.codehaus.groovy.runtime.InvokerHelper.invokeMethodSafe(InvokerHelper.java:82)
  app//nextflow.script.WorkflowMetadata$_closure2.doCall(WorkflowMetadata.groovy:286)
  app//nextflow.script.WorkflowMetadata$_closure2.call(WorkflowMetadata.groovy)
  app//groovy.lang.Closure.run(Closure.java:505)
  app//nextflow.Session.shutdown0(Session.groovy:741)
  app//nextflow.Session.destroy(Session.groovy:694)
  app//nextflow.script.ScriptRunner.shutdown(ScriptRunner.groovy:260)
  app//nextflow.script.ScriptRunner.execute(ScriptRunner.groovy:146)
  app//nextflow.cli.CmdRun.run(CmdRun.groovy:376)
  app//nextflow.cli.Launcher.run(Launcher.groovy:503)
  app//nextflow.cli.Launcher.main(Launcher.groovy:658)

Thread[Actor Thread 16,5,main]
  java.base@11.0.26/jdk.internal.misc.Unsafe.park(Native Method)
  java.base@11.0.26/java.util.concurrent.locks.LockSupport.parkNanos(LockSupport.java:234)
  java.base@11.0.26/java.util.concurrent.SynchronousQueue$TransferStack.awaitFulfill(SynchronousQueue.java:462)
  java.base@11.0.26/java.util.concurrent.SynchronousQueue$TransferStack.transfer(SynchronousQueue.java:361)
  java.base@11.0.26/java.util.concurrent.SynchronousQueue.poll(SynchronousQueue.java:937)
  java.base@11.0.26/java.util.concurrent.ThreadPoolExecutor.getTask(ThreadPoolExecutor.java:1053)
  java.base@11.0.26/java.util.concurrent.ThreadPoolExecutor.runWorker(ThreadPoolExecutor.java:1114)
  java.base@11.0.26/java.util.concurrent.ThreadPoolExecutor$Worker.run(ThreadPoolExecutor.java:628)
  java.base@11.0.26/java.lang.Thread.run(Thread.java:829)

Thread[Actor Thread 14,5,main]
  java.base@11.0.26/jdk.internal.misc.Unsafe.park(Native Method)
  java.base@11.0.26/java.util.concurrent.locks.LockSupport.parkNanos(LockSupport.java:234)
  java.base@11.0.26/java.util.concurrent.SynchronousQueue$TransferStack.awaitFulfill(SynchronousQueue.java:462)
  java.base@11.0.26/java.util.concurrent.SynchronousQueue$TransferStack.transfer(SynchronousQueue.java:361)
  java.base@11.0.26/java.util.concurrent.SynchronousQueue.poll(SynchronousQueue.java:937)
  java.base@11.0.26/java.util.concurrent.ThreadPoolExecutor.getTask(ThreadPoolExecutor.java:1053)
  java.base@11.0.26/java.util.concurrent.ThreadPoolExecutor.runWorker(ThreadPoolExecutor.java:1114)
  java.base@11.0.26/java.util.concurrent.ThreadPoolExecutor$Worker.run(ThreadPoolExecutor.java:628)
  java.base@11.0.26/java.lang.Thread.run(Thread.java:829)

Thread[Actor Thread 5,5,main]
  java.base@11.0.26/jdk.internal.misc.Unsafe.park(Native Method)
  java.base@11.0.26/java.util.concurrent.locks.LockSupport.parkNanos(LockSupport.java:234)
  java.base@11.0.26/java.util.concurrent.SynchronousQueue$TransferStack.awaitFulfill(SynchronousQueue.java:462)
  java.base@11.0.26/java.util.concurrent.SynchronousQueue$TransferStack.transfer(SynchronousQueue.java:361)
  java.base@11.0.26/java.util.concurrent.SynchronousQueue.poll(SynchronousQueue.java:937)
  java.base@11.0.26/java.util.concurrent.ThreadPoolExecutor.getTask(ThreadPoolExecutor.java:1053)
  java.base@11.0.26/java.util.concurrent.ThreadPoolExecutor.runWorker(ThreadPoolExecutor.java:1114)
  java.base@11.0.26/java.util.concurrent.ThreadPoolExecutor$Worker.run(ThreadPoolExecutor.java:628)
  java.base@11.0.26/java.lang.Thread.run(Thread.java:829)

Thread[pool-2-thread-2,5,main]
  java.base@11.0.26/jdk.internal.misc.Unsafe.park(Native Method)
  java.base@11.0.26/java.util.concurrent.locks.LockSupport.park(LockSupport.java:194)
  java.base@11.0.26/java.util.concurrent.locks.AbstractQueuedSynchronizer$ConditionObject.await(AbstractQueuedSynchronizer.java:2081)
  java.base@11.0.26/java.util.concurrent.LinkedBlockingQueue.take(LinkedBlockingQueue.java:433)
  java.base@11.0.26/java.util.concurrent.ThreadPoolExecutor.getTask(ThreadPoolExecutor.java:1054)
  java.base@11.0.26/java.util.concurrent.ThreadPoolExecutor.runWorker(ThreadPoolExecutor.java:1114)
  java.base@11.0.26/java.util.concurrent.ThreadPoolExecutor$Worker.run(ThreadPoolExecutor.java:628)
  java.base@11.0.26/java.lang.Thread.run(Thread.java:829)

Thread[pool-2-thread-1,5,main]
  java.base@11.0.26/jdk.internal.misc.Unsafe.park(Native Method)
  java.base@11.0.26/java.util.concurrent.locks.LockSupport.park(LockSupport.java:194)
  java.base@11.0.26/java.util.concurrent.locks.AbstractQueuedSynchronizer$ConditionObject.await(AbstractQueuedSynchronizer.java:2081)
  java.base@11.0.26/java.util.concurrent.LinkedBlockingQueue.take(LinkedBlockingQueue.java:433)
  java.base@11.0.26/java.util.concurrent.ThreadPoolExecutor.getTask(ThreadPoolExecutor.java:1054)
  java.base@11.0.26/java.util.concurrent.ThreadPoolExecutor.runWorker(ThreadPoolExecutor.java:1114)
  java.base@11.0.26/java.util.concurrent.ThreadPoolExecutor$Worker.run(ThreadPoolExecutor.java:628)
  java.base@11.0.26/java.lang.Thread.run(Thread.java:829)

Thread[process reaper,10,system]
  java.base@11.0.26/jdk.internal.misc.Unsafe.park(Native Method)
  java.base@11.0.26/java.util.concurrent.locks.LockSupport.parkNanos(LockSupport.java:234)
  java.base@11.0.26/java.util.concurrent.SynchronousQueue$TransferStack.awaitFulfill(SynchronousQueue.java:462)
  java.base@11.0.26/java.util.concurrent.SynchronousQueue$TransferStack.transfer(SynchronousQueue.java:361)
  java.base@11.0.26/java.util.concurrent.SynchronousQueue.poll(SynchronousQueue.java:937)
  java.base@11.0.26/java.util.concurrent.ThreadPoolExecutor.getTask(ThreadPoolExecutor.java:1053)
  java.base@11.0.26/java.util.concurrent.ThreadPoolExecutor.runWorker(ThreadPoolExecutor.java:1114)
  java.base@11.0.26/java.util.concurrent.ThreadPoolExecutor$Worker.run(ThreadPoolExecutor.java:628)
  java.base@11.0.26/java.lang.Thread.run(Thread.java:829)

Thread[Actor Thread 28,5,main]
  java.base@11.0.26/jdk.internal.misc.Unsafe.park(Native Method)
  java.base@11.0.26/java.util.concurrent.locks.LockSupport.parkNanos(LockSupport.java:234)
  java.base@11.0.26/java.util.concurrent.SynchronousQueue$TransferStack.awaitFulfill(SynchronousQueue.java:462)
  java.base@11.0.26/java.util.concurrent.SynchronousQueue$TransferStack.transfer(SynchronousQueue.java:361)
  java.base@11.0.26/java.util.concurrent.SynchronousQueue.poll(SynchronousQueue.java:937)
  java.base@11.0.26/java.util.concurrent.ThreadPoolExecutor.getTask(ThreadPoolExecutor.java:1053)
  java.base@11.0.26/java.util.concurrent.ThreadPoolExecutor.runWorker(ThreadPoolExecutor.java:1114)
  java.base@11.0.26/java.util.concurrent.ThreadPoolExecutor$Worker.run(ThreadPoolExecutor.java:628)
  java.base@11.0.26/java.lang.Thread.run(Thread.java:829)

Thread[Actor Thread 9,5,main]
  java.base@11.0.26/jdk.internal.misc.Unsafe.park(Native Method)
  java.base@11.0.26/java.util.concurrent.locks.LockSupport.parkNanos(LockSupport.java:234)
  java.base@11.0.26/java.util.concurrent.SynchronousQueue$TransferStack.awaitFulfill(SynchronousQueue.java:462)
  java.base@11.0.26/java.util.concurrent.SynchronousQueue$TransferStack.transfer(SynchronousQueue.java:361)
  java.base@11.0.26/java.util.concurrent.SynchronousQueue.poll(SynchronousQueue.java:937)
  java.base@11.0.26/java.util.concurrent.ThreadPoolExecutor.getTask(ThreadPoolExecutor.java:1053)
  java.base@11.0.26/java.util.concurrent.ThreadPoolExecutor.runWorker(ThreadPoolExecutor.java:1114)
  java.base@11.0.26/java.util.concurrent.ThreadPoolExecutor$Worker.run(ThreadPoolExecutor.java:628)
  java.base@11.0.26/java.lang.Thread.run(Thread.java:829)

Thread[Reference Handler,10,system]
  java.base@11.0.26/java.lang.ref.Reference.waitForReferencePendingList(Native Method)
  java.base@11.0.26/java.lang.ref.Reference.processPendingReferences(Reference.java:241)
  java.base@11.0.26/java.lang.ref.Reference$ReferenceHandler.run(Reference.java:213)

Thread[Actor Thread 23,5,main]
  java.base@11.0.26/jdk.internal.misc.Unsafe.park(Native Method)
  java.base@11.0.26/java.util.concurrent.locks.LockSupport.parkNanos(LockSupport.java:234)
  java.base@11.0.26/java.util.concurrent.SynchronousQueue$TransferStack.awaitFulfill(SynchronousQueue.java:462)
  java.base@11.0.26/java.util.concurrent.SynchronousQueue$TransferStack.transfer(SynchronousQueue.java:361)
  java.base@11.0.26/java.util.concurrent.SynchronousQueue.poll(SynchronousQueue.java:937)
  java.base@11.0.26/java.util.concurrent.ThreadPoolExecutor.getTask(ThreadPoolExecutor.java:1053)
  java.base@11.0.26/java.util.concurrent.ThreadPoolExecutor.runWorker(ThreadPoolExecutor.java:1114)
  java.base@11.0.26/java.util.concurrent.ThreadPoolExecutor$Worker.run(ThreadPoolExecutor.java:628)
  java.base@11.0.26/java.lang.Thread.run(Thread.java:829)

Thread[Actor Thread 19,5,main]
  java.base@11.0.26/jdk.internal.misc.Unsafe.park(Native Method)
  java.base@11.0.26/java.util.concurrent.locks.LockSupport.parkNanos(LockSupport.java:234)
  java.base@11.0.26/java.util.concurrent.SynchronousQueue$TransferStack.awaitFulfill(SynchronousQueue.java:462)
  java.base@11.0.26/java.util.concurrent.SynchronousQueue$TransferStack.transfer(SynchronousQueue.java:361)
  java.base@11.0.26/java.util.concurrent.SynchronousQueue.poll(SynchronousQueue.java:937)
  java.base@11.0.26/java.util.concurrent.ThreadPoolExecutor.getTask(ThreadPoolExecutor.java:1053)
  java.base@11.0.26/java.util.concurrent.ThreadPoolExecutor.runWorker(ThreadPoolExecutor.java:1114)
  java.base@11.0.26/java.util.concurrent.ThreadPoolExecutor$Worker.run(ThreadPoolExecutor.java:628)
  java.base@11.0.26/java.lang.Thread.run(Thread.java:829)

Thread[Actor Thread 26,5,main]
  java.base@11.0.26/jdk.internal.misc.Unsafe.park(Native Method)
  java.base@11.0.26/java.util.concurrent.locks.LockSupport.parkNanos(LockSupport.java:234)
  java.base@11.0.26/java.util.concurrent.SynchronousQueue$TransferStack.awaitFulfill(SynchronousQueue.java:462)
  java.base@11.0.26/java.util.concurrent.SynchronousQueue$TransferStack.transfer(SynchronousQueue.java:361)
  java.base@11.0.26/java.util.concurrent.SynchronousQueue.poll(SynchronousQueue.java:937)
  java.base@11.0.26/java.util.concurrent.ThreadPoolExecutor.getTask(ThreadPoolExecutor.java:1053)
  java.base@11.0.26/java.util.concurrent.ThreadPoolExecutor.runWorker(ThreadPoolExecutor.java:1114)
  java.base@11.0.26/java.util.concurrent.ThreadPoolExecutor$Worker.run(ThreadPoolExecutor.java:628)
  java.base@11.0.26/java.lang.Thread.run(Thread.java:829)

Thread[Actor Thread 24,5,main]
  java.base@11.0.26/jdk.internal.misc.Unsafe.park(Native Method)
  java.base@11.0.26/java.util.concurrent.locks.LockSupport.parkNanos(LockSupport.java:234)
  java.base@11.0.26/java.util.concurrent.SynchronousQueue$TransferStack.awaitFulfill(SynchronousQueue.java:462)
  java.base@11.0.26/java.util.concurrent.SynchronousQueue$TransferStack.transfer(SynchronousQueue.java:361)
  java.base@11.0.26/java.util.concurrent.SynchronousQueue.poll(SynchronousQueue.java:937)
  java.base@11.0.26/java.util.concurrent.ThreadPoolExecutor.getTask(ThreadPoolExecutor.java:1053)
  java.base@11.0.26/java.util.concurrent.ThreadPoolExecutor.runWorker(ThreadPoolExecutor.java:1114)
  java.base@11.0.26/java.util.concurrent.ThreadPoolExecutor$Worker.run(ThreadPoolExecutor.java:628)
  java.base@11.0.26/java.lang.Thread.run(Thread.java:829)

Thread[Actor Thread 10,5,main]
  java.base@11.0.26/jdk.internal.misc.Unsafe.park(Native Method)
  java.base@11.0.26/java.util.concurrent.locks.LockSupport.parkNanos(LockSupport.java:234)
  java.base@11.0.26/java.util.concurrent.SynchronousQueue$TransferStack.awaitFulfill(SynchronousQueue.java:462)
  java.base@11.0.26/java.util.concurrent.SynchronousQueue$TransferStack.transfer(SynchronousQueue.java:361)
  java.base@11.0.26/java.util.concurrent.SynchronousQueue.poll(SynchronousQueue.java:937)
  java.base@11.0.26/java.util.concurrent.ThreadPoolExecutor.getTask(ThreadPoolExecutor.java:1053)
  java.base@11.0.26/java.util.concurrent.ThreadPoolExecutor.runWorker(ThreadPoolExecutor.java:1114)
  java.base@11.0.26/java.util.concurrent.ThreadPoolExecutor$Worker.run(ThreadPoolExecutor.java:628)
  java.base@11.0.26/java.lang.Thread.run(Thread.java:829)

Thread[PathVisitor-1,5,main]
  java.base@11.0.26/jdk.internal.misc.Unsafe.park(Native Method)
  java.base@11.0.26/java.util.concurrent.locks.LockSupport.parkNanos(LockSupport.java:234)
  java.base@11.0.26/java.util.concurrent.SynchronousQueue$TransferStack.awaitFulfill(SynchronousQueue.java:462)
  java.base@11.0.26/java.util.concurrent.SynchronousQueue$TransferStack.transfer(SynchronousQueue.java:361)
  java.base@11.0.26/java.util.concurrent.SynchronousQueue.poll(SynchronousQueue.java:937)
  java.base@11.0.26/java.util.concurrent.ThreadPoolExecutor.getTask(ThreadPoolExecutor.java:1053)
  java.base@11.0.26/java.util.concurrent.ThreadPoolExecutor.runWorker(ThreadPoolExecutor.java:1114)
  java.base@11.0.26/java.util.concurrent.ThreadPoolExecutor$Worker.run(ThreadPoolExecutor.java:628)
  java.base@11.0.26/java.lang.Thread.run(Thread.java:829)

Thread[Actor Thread 25,5,main]
  java.base@11.0.26/jdk.internal.misc.Unsafe.park(Native Method)
  java.base@11.0.26/java.util.concurrent.locks.LockSupport.parkNanos(LockSupport.java:234)
  java.base@11.0.26/java.util.concurrent.SynchronousQueue$TransferStack.awaitFulfill(SynchronousQueue.java:462)
  java.base@11.0.26/java.util.concurrent.SynchronousQueue$TransferStack.transfer(SynchronousQueue.java:361)
  java.base@11.0.26/java.util.concurrent.SynchronousQueue.poll(SynchronousQueue.java:937)
  java.base@11.0.26/java.util.concurrent.ThreadPoolExecutor.getTask(ThreadPoolExecutor.java:1053)
  java.base@11.0.26/java.util.concurrent.ThreadPoolExecutor.runWorker(ThreadPoolExecutor.java:1114)
  java.base@11.0.26/java.util.concurrent.ThreadPoolExecutor$Worker.run(ThreadPoolExecutor.java:628)
  java.base@11.0.26/java.lang.Thread.run(Thread.java:829)

Apr-15 16:17:43.183 [TaskFinalizer-2] WARN  nextflow.util.SimpleAgent - Got an interrupted exception while taking agent result | java.lang.InterruptedException
Apr-15 16:17:43.184 [TaskFinalizer-2] ERROR nextflow.Nextflow - 
        Pipeline execution failed
        ---------------------------
        Error message:   7.         \-knitr:::call_block(x)
  8.           \-knitr:::block_exec(params)
  9.             \-knitr:::eng_r(options)
 10.               +-knitr:::in_input_dir(...)
 11.               | \-knitr:::in_dir(input_dir(), expr)
 12.               \-knitr (local) evaluate(...)
 13.                 \-evaluate::evaluate(...)
 14.                   +-base::withRestarts(...)
 15.                   | \-base (local) withRestartList(expr, restarts)
 16.                   |   +-base (local) withOneRestart(withRestartList(expr, restarts[-nr]), restarts[[nr]])
 17.                   |   | \-base (local) doWithOneRestart(return(expr), restart)
 18.                   |   \-base (local) withRestartList(expr, restarts[-nr])
 19.                   |     \-base (local) withOneRestart(expr, restarts[[1L]])
 20.                   |       \-base (local) doWithOneRestart(return(expr), restart)
 21.                   +-evaluate:::with_handlers(...)
 22.                   | +-base::eval(call)
 23.                   | | \-base::eval(call)
 24.                   | \-base::withCallingHandlers(...)
 25.                   \-watcher$print_value(ev$value, ev$visible, envir)
 26.                     +-base::withVisible(handle_value(handler, value, visible, envir))
 27.                     \-evaluate:::handle_value(handler, value, visible, envir)
 28.                       \-handler$value(value, visible)
 29.                         \-knitr (local) fun(x, options = options)
 30.                           +-base::withVisible(knit_print(x, ...))
 31.                           +-knitr::knit_print(x, ...)
 32.                           \-knitr:::knit_print.default(x, ...)
 33.                             \-knitr::normal_print(x)
 34.                               +-base::print(x)
 35.                               \-ggplot2:::print.ggplot(x)
 36.                                 +-ggplot2::ggplot_build(x)
 37.                                 \-ggplot2:::ggplot_build.ggplot(x)
 38.                                   \-layout$setup_panel_params()
 39.                                     \-ggplot2 (local) setup_panel_params(..., self = self)
 40.                                       \-base::Map(setup_panel_params, scales_x, scales_y)
 41.                                         \-base::mapply(FUN = f, ..., SIMPLIFY = FALSE)
 42.                                           \-ggplot2 (local) `<fn>`(dots[[1L]][[1L]], dots[[2L]][[1L]])
 43.                                             \-self$coord$setup_panel_params(scale_x, scale_y, params = self$coord_params)
 44.                                               \-ggplot2 (local) setup_panel_params(..., self = self)
 45.                                                 \-parent$setup_panel_params(scale_x, scale_y, params)
 46.                                                   \-ggplot2 (local) setup_panel_params(..., self = self)
 47.                                                     \-ggplot2:::view_scales_from_scale(scale_x, self$limits$x, self$expand)
 48.                                                       \-ggplot2:::expand_limits_scale(scale, expansion, limits, coord_limits = coord_limits)
 49.                                                         \-ggplot2:::expand_limits_discrete(...)
 50.                                                           \-ggplot2:::expand_limits_discrete_trans(...)
 51.                                                             \-ggplot2:::expand_limits_continuous_trans(...)
 52.                                                               \-base::ifelse(is.na(coord_limits), limits, coord_limits)

Quitting from lines 115-133 [unnamed-chunk-3] (nextflow_markdown_pipeline3.Rmd)
Execution halted
INFO:    Cleaning up image...
        
Apr-15 16:17:43.198 [main] ERROR nextflow.Nextflow - 
        Pipeline execution summary
        ---------------------------
        Completed at : 2025-04-15T16:17:43.173364+02:00
        Duration    : 55.4s
        Success     : false
        workDir     : /home/chbope/extension/trash
        exit status : 1
        
Apr-15 16:17:43.206 [main] DEBUG n.trace.WorkflowStatsObserver - Workflow completed > WorkflowStats[succeededCount=1; failedCount=1; ignoredCount=0; cachedCount=16; pendingCount=0; submittedCount=0; runningCount=0; retriesCount=0; abortedCount=0; succeedDuration=36.2s; failedDuration=59.3s; cachedDuration=15h 32m 16s;loadCpus=0; loadMemory=0; peakRunning=1; peakCpus=4; peakMemory=2 GB; ]
Apr-15 16:17:43.217 [main] DEBUG nextflow.cache.CacheDB - Closing CacheDB done
Apr-15 16:17:43.239 [main] DEBUG nextflow.script.ScriptRunner - > Execution complete -- Goodbye
